<?xml version="1.0" encoding="UTF-8"?>
<!-- Generated by org.testng.reporters.JUnitReportReporter -->
<testsuite hostname="LIN-JKJW7G3" failures="0" tests="1" name="com.talent.demoSeleniumProject.AppTest" time="5.201" errors="0" timestamp="2024-09-06T00:15:25 IST" skipped="0">
  <testcase classname="com.talent.demoSeleniumProject.AppTest" name="getChromeBrowser" time="5.201"/>
</testsuite> <!-- com.talent.demoSeleniumProject.AppTest -->
